<?xml version="1.0" encoding="UTF-8"?>
<testng-results skipped="0" failed="0" ignored="0" total="1" passed="1">
  <reporter-output>
  </reporter-output>
  <suite name="Default suite" duration-ms="30853" started-at="2020-07-24T13:04:27Z" finished-at="2020-07-24T13:04:58Z">
    <groups>
    </groups>
    <test name="Default test" duration-ms="30853" started-at="2020-07-24T13:04:27Z" finished-at="2020-07-24T13:04:58Z">
      <class name="com.DemoProject.Pages.AirTicket">
        <test-method status="PASS" signature="Login()[pri:0, instance:com.DemoProject.Pages.AirTicket@6af93788]" name="Login" duration-ms="30796" started-at="2020-07-24T13:04:27Z" finished-at="2020-07-24T13:04:58Z">
          <reporter-output>
          </reporter-output>
        </test-method> <!-- Login -->
      </class> <!-- com.DemoProject.Pages.AirTicket -->
    </test> <!-- Default test -->
  </suite> <!-- Default suite -->
</testng-results>
